2024-11-01 17:19:06 INFO  o.h.validator.internal.util.Version - HV000001: Hibernate Validator 8.0.1.Final
2024-11-01 17:19:06 INFO  c.n.old_school.OldSchoolApplication - Starting OldSchoolApplication using Java 17.0.11 with PID 15232 (D:\Code\Java\old-school\target\classes started by haoya in D:\Code\Java\old-school)
2024-11-01 17:19:06 INFO  c.n.old_school.OldSchoolApplication - No active profile set, falling back to 1 default profile: "default"
2024-11-01 17:19:07 INFO  o.s.b.w.e.tomcat.TomcatWebServer - Tomcat initialized with port 8081 (http)
2024-11-01 17:19:07 INFO  o.a.coyote.http11.Http11NioProtocol - Initializing ProtocolHandler ["http-nio-8081"]
2024-11-01 17:19:07 INFO  o.a.catalina.core.StandardService - Starting service [Tomcat]
2024-11-01 17:19:07 INFO  o.a.catalina.core.StandardEngine - Starting Servlet engine: [Apache Tomcat/10.1.30]
2024-11-01 17:19:07 INFO  o.a.c.c.C.[Tomcat].[localhost].[/] - Initializing Spring embedded WebApplicationContext
2024-11-01 17:19:07 INFO  o.s.b.w.s.c.ServletWebServerApplicationContext - Root WebApplicationContext: initialization completed in 1217 ms
2024-11-01 17:19:07 INFO  c.a.d.s.b.a.DruidDataSourceAutoConfigure - Init DruidDataSource
2024-11-01 17:19:08 INFO  c.alibaba.druid.pool.DruidDataSource - {dataSource-1} inited
2024-11-01 17:19:09 INFO  o.a.coyote.http11.Http11NioProtocol - Starting ProtocolHandler ["http-nio-8081"]
2024-11-01 17:19:09 INFO  o.s.b.w.e.tomcat.TomcatWebServer - Tomcat started on port 8081 (http) with context path '/'
2024-11-01 17:19:09 INFO  c.n.old_school.OldSchoolApplication - Started OldSchoolApplication in 3.754 seconds (process running for 4.02)
2024-11-01 17:20:22 INFO  o.h.validator.internal.util.Version - HV000001: Hibernate Validator 8.0.1.Final
2024-11-01 17:20:22 INFO  c.n.old_school.OldSchoolApplication - Starting OldSchoolApplication using Java 17.0.11 with PID 20436 (D:\Code\Java\old-school\target\classes started by haoya in D:\Code\Java\old-school)
2024-11-01 17:20:22 INFO  c.n.old_school.OldSchoolApplication - No active profile set, falling back to 1 default profile: "default"
2024-11-01 17:20:23 INFO  o.s.b.w.e.tomcat.TomcatWebServer - Tomcat initialized with port 8081 (http)
2024-11-01 17:20:23 INFO  o.a.coyote.http11.Http11NioProtocol - Initializing ProtocolHandler ["http-nio-8081"]
2024-11-01 17:20:23 INFO  o.a.catalina.core.StandardService - Starting service [Tomcat]
2024-11-01 17:20:23 INFO  o.a.catalina.core.StandardEngine - Starting Servlet engine: [Apache Tomcat/10.1.30]
2024-11-01 17:20:23 INFO  o.a.c.c.C.[Tomcat].[localhost].[/] - Initializing Spring embedded WebApplicationContext
2024-11-01 17:20:23 INFO  o.s.b.w.s.c.ServletWebServerApplicationContext - Root WebApplicationContext: initialization completed in 1238 ms
2024-11-01 17:20:23 INFO  c.a.d.s.b.a.DruidDataSourceAutoConfigure - Init DruidDataSource
2024-11-01 17:20:23 INFO  c.alibaba.druid.pool.DruidDataSource - {dataSource-1} inited
2024-11-01 17:20:25 INFO  o.a.coyote.http11.Http11NioProtocol - Starting ProtocolHandler ["http-nio-8081"]
2024-11-01 17:20:25 INFO  o.s.b.w.e.tomcat.TomcatWebServer - Tomcat started on port 8081 (http) with context path '/'
2024-11-01 17:20:25 INFO  c.n.old_school.OldSchoolApplication - Started OldSchoolApplication in 3.665 seconds (process running for 3.953)
2024-11-01 17:56:40 INFO  o.a.c.c.C.[Tomcat].[localhost].[/] - Initializing Spring DispatcherServlet 'dispatcherServlet'
2024-11-01 17:56:40 INFO  o.s.web.servlet.DispatcherServlet - Initializing Servlet 'dispatcherServlet'
2024-11-01 17:56:40 INFO  o.s.web.servlet.DispatcherServlet - Completed initialization in 1 ms
2024-11-01 18:01:33 INFO  o.h.validator.internal.util.Version - HV000001: Hibernate Validator 8.0.1.Final
2024-11-01 18:01:33 INFO  c.n.old_school.OldSchoolApplication - Starting OldSchoolApplication using Java 17.0.11 with PID 19164 (D:\Code\Java\old-school\target\classes started by haoya in D:\Code\Java\old-school)
2024-11-01 18:01:33 INFO  c.n.old_school.OldSchoolApplication - No active profile set, falling back to 1 default profile: "default"
2024-11-01 18:01:34 INFO  o.s.b.w.e.tomcat.TomcatWebServer - Tomcat initialized with port 8081 (http)
2024-11-01 18:01:34 INFO  o.a.coyote.http11.Http11NioProtocol - Initializing ProtocolHandler ["http-nio-8081"]
2024-11-01 18:01:34 INFO  o.a.catalina.core.StandardService - Starting service [Tomcat]
2024-11-01 18:01:34 INFO  o.a.catalina.core.StandardEngine - Starting Servlet engine: [Apache Tomcat/10.1.30]
2024-11-01 18:01:34 INFO  o.a.c.c.C.[Tomcat].[localhost].[/] - Initializing Spring embedded WebApplicationContext
2024-11-01 18:01:34 INFO  o.s.b.w.s.c.ServletWebServerApplicationContext - Root WebApplicationContext: initialization completed in 1434 ms
2024-11-01 18:01:34 INFO  c.a.d.s.b.a.DruidDataSourceAutoConfigure - Init DruidDataSource
2024-11-01 18:01:35 INFO  c.alibaba.druid.pool.DruidDataSource - {dataSource-1} inited
2024-11-01 18:01:36 INFO  o.a.coyote.http11.Http11NioProtocol - Starting ProtocolHandler ["http-nio-8081"]
2024-11-01 18:01:36 INFO  o.s.b.w.e.tomcat.TomcatWebServer - Tomcat started on port 8081 (http) with context path '/'
2024-11-01 18:01:36 INFO  c.n.old_school.OldSchoolApplication - Started OldSchoolApplication in 4.129 seconds (process running for 4.393)
2024-11-01 18:01:40 INFO  o.a.c.c.C.[Tomcat].[localhost].[/] - Initializing Spring DispatcherServlet 'dispatcherServlet'
2024-11-01 18:01:40 INFO  o.s.web.servlet.DispatcherServlet - Initializing Servlet 'dispatcherServlet'
2024-11-01 18:01:40 INFO  o.s.web.servlet.DispatcherServlet - Completed initialization in 1 ms
2024-11-01 18:03:57 ERROR c.n.o.e.GlobalExceptionHandler - 业务异常: 角色编码已存在
2024-11-01 18:20:42 ERROR c.n.o.e.GlobalExceptionHandler - 系统异常: 
org.springframework.web.HttpRequestMethodNotSupportedException: Request method 'PUT' is not supported
	at org.springframework.web.servlet.mvc.method.RequestMappingInfoHandlerMapping.handleNoMatch(RequestMappingInfoHandlerMapping.java:267)
	at org.springframework.web.servlet.handler.AbstractHandlerMethodMapping.lookupHandlerMethod(AbstractHandlerMethodMapping.java:441)
	at org.springframework.web.servlet.handler.AbstractHandlerMethodMapping.getHandlerInternal(AbstractHandlerMethodMapping.java:382)
	at org.springframework.web.servlet.mvc.method.RequestMappingInfoHandlerMapping.getHandlerInternal(RequestMappingInfoHandlerMapping.java:127)
	at org.springframework.web.servlet.mvc.method.RequestMappingInfoHandlerMapping.getHandlerInternal(RequestMappingInfoHandlerMapping.java:68)
	at org.springframework.web.servlet.handler.AbstractHandlerMapping.getHandler(AbstractHandlerMapping.java:507)
	at org.springframework.web.servlet.DispatcherServlet.getHandler(DispatcherServlet.java:1284)
	at org.springframework.web.servlet.DispatcherServlet.doDispatch(DispatcherServlet.java:1065)
	at org.springframework.web.servlet.DispatcherServlet.doService(DispatcherServlet.java:979)
	at org.springframework.web.servlet.FrameworkServlet.processRequest(FrameworkServlet.java:1014)
	at org.springframework.web.servlet.FrameworkServlet.doPut(FrameworkServlet.java:925)
	at jakarta.servlet.http.HttpServlet.service(HttpServlet.java:593)
	at org.springframework.web.servlet.FrameworkServlet.service(FrameworkServlet.java:885)
	at jakarta.servlet.http.HttpServlet.service(HttpServlet.java:658)
	at org.apache.catalina.core.ApplicationFilterChain.internalDoFilter(ApplicationFilterChain.java:195)
	at org.apache.catalina.core.ApplicationFilterChain.doFilter(ApplicationFilterChain.java:140)
	at org.apache.tomcat.websocket.server.WsFilter.doFilter(WsFilter.java:51)
	at org.apache.catalina.core.ApplicationFilterChain.internalDoFilter(ApplicationFilterChain.java:164)
	at org.apache.catalina.core.ApplicationFilterChain.doFilter(ApplicationFilterChain.java:140)
	at com.alibaba.druid.support.jakarta.WebStatFilter.doFilter(WebStatFilter.java:113)
	at org.apache.catalina.core.ApplicationFilterChain.internalDoFilter(ApplicationFilterChain.java:164)
	at org.apache.catalina.core.ApplicationFilterChain.doFilter(ApplicationFilterChain.java:140)
	at org.springframework.web.filter.RequestContextFilter.doFilterInternal(RequestContextFilter.java:100)
	at org.springframework.web.filter.OncePerRequestFilter.doFilter(OncePerRequestFilter.java:116)
	at org.apache.catalina.core.ApplicationFilterChain.internalDoFilter(ApplicationFilterChain.java:164)
	at org.apache.catalina.core.ApplicationFilterChain.doFilter(ApplicationFilterChain.java:140)
	at org.springframework.web.filter.FormContentFilter.doFilterInternal(FormContentFilter.java:93)
	at org.springframework.web.filter.OncePerRequestFilter.doFilter(OncePerRequestFilter.java:116)
	at org.apache.catalina.core.ApplicationFilterChain.internalDoFilter(ApplicationFilterChain.java:164)
	at org.apache.catalina.core.ApplicationFilterChain.doFilter(ApplicationFilterChain.java:140)
	at org.springframework.web.filter.CharacterEncodingFilter.doFilterInternal(CharacterEncodingFilter.java:201)
	at org.springframework.web.filter.OncePerRequestFilter.doFilter(OncePerRequestFilter.java:116)
	at org.apache.catalina.core.ApplicationFilterChain.internalDoFilter(ApplicationFilterChain.java:164)
	at org.apache.catalina.core.ApplicationFilterChain.doFilter(ApplicationFilterChain.java:140)
	at org.apache.catalina.core.StandardWrapperValve.invoke(StandardWrapperValve.java:167)
	at org.apache.catalina.core.StandardContextValve.invoke(StandardContextValve.java:90)
	at org.apache.catalina.authenticator.AuthenticatorBase.invoke(AuthenticatorBase.java:483)
	at org.apache.catalina.core.StandardHostValve.invoke(StandardHostValve.java:115)
	at org.apache.catalina.valves.ErrorReportValve.invoke(ErrorReportValve.java:93)
	at org.apache.catalina.core.StandardEngineValve.invoke(StandardEngineValve.java:74)
	at org.apache.catalina.connector.CoyoteAdapter.service(CoyoteAdapter.java:344)
	at org.apache.coyote.http11.Http11Processor.service(Http11Processor.java:384)
	at org.apache.coyote.AbstractProcessorLight.process(AbstractProcessorLight.java:63)
	at org.apache.coyote.AbstractProtocol$ConnectionHandler.process(AbstractProtocol.java:905)
	at org.apache.tomcat.util.net.NioEndpoint$SocketProcessor.doRun(NioEndpoint.java:1741)
	at org.apache.tomcat.util.net.SocketProcessorBase.run(SocketProcessorBase.java:52)
	at org.apache.tomcat.util.threads.ThreadPoolExecutor.runWorker(ThreadPoolExecutor.java:1190)
	at org.apache.tomcat.util.threads.ThreadPoolExecutor$Worker.run(ThreadPoolExecutor.java:659)
	at org.apache.tomcat.util.threads.TaskThread$WrappingRunnable.run(TaskThread.java:63)
	at java.base/java.lang.Thread.run(Thread.java:842)
2024-11-01 18:22:27 INFO  o.h.validator.internal.util.Version - HV000001: Hibernate Validator 8.0.1.Final
2024-11-01 18:22:27 INFO  c.n.old_school.OldSchoolApplication - Starting OldSchoolApplication using Java 17.0.11 with PID 17932 (D:\Code\Java\old-school\target\classes started by haoya in D:\Code\Java\old-school)
2024-11-01 18:22:27 INFO  c.n.old_school.OldSchoolApplication - No active profile set, falling back to 1 default profile: "default"
2024-11-01 18:22:28 INFO  o.s.b.w.e.tomcat.TomcatWebServer - Tomcat initialized with port 8081 (http)
2024-11-01 18:22:28 INFO  o.a.coyote.http11.Http11NioProtocol - Initializing ProtocolHandler ["http-nio-8081"]
2024-11-01 18:22:28 INFO  o.a.catalina.core.StandardService - Starting service [Tomcat]
2024-11-01 18:22:28 INFO  o.a.catalina.core.StandardEngine - Starting Servlet engine: [Apache Tomcat/10.1.30]
2024-11-01 18:22:28 INFO  o.a.c.c.C.[Tomcat].[localhost].[/] - Initializing Spring embedded WebApplicationContext
2024-11-01 18:22:28 INFO  o.s.b.w.s.c.ServletWebServerApplicationContext - Root WebApplicationContext: initialization completed in 1358 ms
2024-11-01 18:22:29 INFO  c.a.d.s.b.a.DruidDataSourceAutoConfigure - Init DruidDataSource
2024-11-01 18:22:29 INFO  c.alibaba.druid.pool.DruidDataSource - {dataSource-1} inited
2024-11-01 18:22:30 INFO  o.a.coyote.http11.Http11NioProtocol - Starting ProtocolHandler ["http-nio-8081"]
2024-11-01 18:22:31 INFO  o.s.b.w.e.tomcat.TomcatWebServer - Tomcat started on port 8081 (http) with context path '/'
2024-11-01 18:22:31 INFO  c.n.old_school.OldSchoolApplication - Started OldSchoolApplication in 3.927 seconds (process running for 4.191)
2024-11-01 18:22:36 INFO  o.a.c.c.C.[Tomcat].[localhost].[/] - Initializing Spring DispatcherServlet 'dispatcherServlet'
2024-11-01 18:22:36 INFO  o.s.web.servlet.DispatcherServlet - Initializing Servlet 'dispatcherServlet'
2024-11-01 18:22:36 INFO  o.s.web.servlet.DispatcherServlet - Completed initialization in 1 ms
2024-11-01 18:23:09 ERROR c.n.o.e.GlobalExceptionHandler - 业务异常: 用户名已存在
2024-11-01 18:23:19 ERROR c.n.o.e.GlobalExceptionHandler - 资源未找到: 请求的资源不存在：api/users
2024-11-01 18:29:12 INFO  o.h.validator.internal.util.Version - HV000001: Hibernate Validator 8.0.1.Final
2024-11-01 18:29:12 INFO  c.n.old_school.OldSchoolApplication - Starting OldSchoolApplication using Java 17.0.11 with PID 23440 (D:\Code\Java\old-school\target\classes started by haoya in D:\Code\Java\old-school)
2024-11-01 18:29:12 INFO  c.n.old_school.OldSchoolApplication - No active profile set, falling back to 1 default profile: "default"
2024-11-01 18:29:13 INFO  o.s.b.w.e.tomcat.TomcatWebServer - Tomcat initialized with port 8081 (http)
2024-11-01 18:29:13 INFO  o.a.coyote.http11.Http11NioProtocol - Initializing ProtocolHandler ["http-nio-8081"]
2024-11-01 18:29:13 INFO  o.a.catalina.core.StandardService - Starting service [Tomcat]
2024-11-01 18:29:13 INFO  o.a.catalina.core.StandardEngine - Starting Servlet engine: [Apache Tomcat/10.1.30]
2024-11-01 18:29:13 INFO  o.a.c.c.C.[Tomcat].[localhost].[/] - Initializing Spring embedded WebApplicationContext
2024-11-01 18:29:13 INFO  o.s.b.w.s.c.ServletWebServerApplicationContext - Root WebApplicationContext: initialization completed in 1301 ms
2024-11-01 18:29:13 INFO  c.a.d.s.b.a.DruidDataSourceAutoConfigure - Init DruidDataSource
2024-11-01 18:29:14 INFO  c.alibaba.druid.pool.DruidDataSource - {dataSource-1} inited
2024-11-01 18:29:15 INFO  o.a.coyote.http11.Http11NioProtocol - Starting ProtocolHandler ["http-nio-8081"]
2024-11-01 18:29:16 INFO  o.s.b.w.e.tomcat.TomcatWebServer - Tomcat started on port 8081 (http) with context path '/'
2024-11-01 18:29:16 INFO  c.n.old_school.OldSchoolApplication - Started OldSchoolApplication in 4.096 seconds (process running for 4.402)
2024-11-01 18:29:21 INFO  o.a.c.c.C.[Tomcat].[localhost].[/] - Initializing Spring DispatcherServlet 'dispatcherServlet'
2024-11-01 18:29:21 INFO  o.s.web.servlet.DispatcherServlet - Initializing Servlet 'dispatcherServlet'
2024-11-01 18:29:21 INFO  o.s.web.servlet.DispatcherServlet - Completed initialization in 1 ms
